<?xml version="1.0" encoding="UTF-8"?>
<!-- Generated by org.testng.reporters.JUnitReportReporter -->
<testsuite skipped="0" hostname="Chandu-PC" name="com.mycompany.app.HomePage" tests="2" failures="0" timestamp="09 Dec 2019 01:18:48 GMT" time="20.056" errors="0">
  <testcase name="basePageNavigation" time="7.033" classname="com.mycompany.app.HomePage"/>
  <testcase name="basePageNavigation" time="13.023" classname="com.mycompany.app.HomePage"/>
</testsuite> <!-- com.mycompany.app.HomePage -->
