<?xml version="1.0" encoding="UTF-8"?>
<!-- Generated by org.testng.reporters.JUnitReportReporter -->
<testsuite skipped="0" hostname="Chandu-PC" name="com.mycompany.app.validateTitle" tests="1" failures="0" timestamp="09 Dec 2019 01:18:48 GMT" time="0.075" errors="0">
  <testcase name="basePageNavigation" time="0.075" classname="com.mycompany.app.validateTitle"/>
</testsuite> <!-- com.mycompany.app.validateTitle -->
