<?xml version="1.0" encoding="UTF-8"?>
<!-- Generated by org.testng.reporters.JUnitReportReporter -->
<testsuite skipped="0" hostname="Chandu-PC" name="com.mycompany.app.validateNavigationBar" tests="1" failures="0" timestamp="05 Dec 2019 04:45:57 GMT" time="0.301" errors="0">
  <testcase name="basePageNavigation" time="0.301" classname="com.mycompany.app.validateNavigationBar"/>
</testsuite> <!-- com.mycompany.app.validateNavigationBar -->
