<?xml version="1.0" encoding="UTF-8"?>
<!-- Generated by org.testng.reporters.JUnitReportReporter -->
<testsuite skipped="0" hostname="Chandu-PC" name="com.mycompany.app.HomePage" tests="2" failures="0" timestamp="05 Dec 2019 04:45:57 GMT" time="32.055" errors="0">
  <testcase name="basePageNavigation" time="14.809" classname="com.mycompany.app.HomePage"/>
  <testcase name="basePageNavigation" time="17.246" classname="com.mycompany.app.HomePage"/>
</testsuite> <!-- com.mycompany.app.HomePage -->
